2025-08-09 17:00:39,932 - INFO - Binance Futures client created. Testnet=True, Server Time={'serverTime': 1754739039814}
2025-08-09 17:00:39,933 - INFO - Placing MARKET order: BTCUSDT BUY 0.01
2025-08-09 17:00:41,058 - INFO - Order response: {'orderId': 5558053898, 'symbol': 'BTCUSDT', 'status': 'NEW', 'clientOrderId': 'qjPtEve3qbS2HjurQkYrDP', 'price': '0.00', 'avgPrice': '0.00', 'origQty': '0.010', 'executedQty': '0.000', 'cumQty': '0.000', 'cumQuote': '0.00000', 'timeInForce': 'GTC', 'type': 'MARKET', 'reduceOnly': False, 'closePosition': False, 'side': 'BUY', 'positionSide': 'BOTH', 'stopPrice': '0.00', 'workingType': 'CONTRACT_PRICE', 'priceProtect': False, 'origType': 'MARKET', 'priceMatch': 'NONE', 'selfTradePreventionMode': 'EXPIRE_MAKER', 'goodTillDate': 0, 'updateTime': 1754739040389}
2025-08-09 17:04:52,432 - INFO - Binance Futures client created. Testnet=True, Server Time={'serverTime': 1754739292360}
2025-08-09 17:04:52,434 - INFO - Placing LIMIT order: BTCUSDT SELL 0.01 @ 10
2025-08-09 17:04:53,255 - ERROR - API error placing limit order: (400, -4013, 'Price less than min price.', {'Content-Type': 'application/json', 'Content-Length': '49', 'Connection': 'keep-alive', 'Date': 'Sat, 09 Aug 2025 11:34:52 GMT', 'Access-Control-Allow-Methods': 'GET, POST, PUT, DELETE, OPTIONS', 'Server': 'Bengine', 'x-mbx-used-weight-1m': '-1', 'x-mbx-order-count-10s': '0', 'x-mbx-order-count-1m': '0', 'x-response-time': '0ms', 'Access-Control-Allow-Origin': '*', 'X-Cache': 'Error from cloudfront', 'Via': '1.1 ed5cb80e20acb3b2e88f0aec3b8524d6.cloudfront.net (CloudFront)', 'X-Amz-Cf-Pop': 'BOM78-P8', 'X-Amz-Cf-Id': 'zr0VioCxXv2xcCza6IlETL86U7VU22chz0xv1pg-nZIvTIZfxDgp8Q=='})
2025-08-09 17:41:19,786 - INFO - Binance Futures client created. Testnet=True, Server Time={'serverTime': 1754741479735}
2025-08-09 17:41:19,786 - INFO - Placing LIMIT order: BTCUSDT SELL 0.01 @ 60000
2025-08-09 17:41:20,030 - INFO - Order response: {'orderId': 5558182632, 'symbol': 'BTCUSDT', 'status': 'NEW', 'clientOrderId': 'pjEHkZpwFnSAud1n5S4vjw', 'price': '60000.00', 'avgPrice': '0.00', 'origQty': '0.010', 'executedQty': '0.000', 'cumQty': '0.000', 'cumQuote': '0.00000', 'timeInForce': 'GTC', 'type': 'LIMIT', 'reduceOnly': False, 'closePosition': False, 'side': 'SELL', 'positionSide': 'BOTH', 'stopPrice': '0.00', 'workingType': 'CONTRACT_PRICE', 'priceProtect': False, 'origType': 'LIMIT', 'priceMatch': 'NONE', 'selfTradePreventionMode': 'EXPIRE_MAKER', 'goodTillDate': 0, 'updateTime': 1754741479996}
2025-08-09 17:46:15,930 - INFO - Binance Futures client created. Testnet=True, Server Time={'serverTime': 1754741775902}
2025-08-09 17:46:15,930 - INFO - Placing LIMIT order: BTCUSDT BUY 0.001 @ 60000
2025-08-09 17:46:16,450 - ERROR - API error placing limit order: (400, -4164, "Order's notional must be no smaller than 100 (unless you choose reduce only).", {'Content-Type': 'application/json', 'Content-Length': '100', 'Connection': 'keep-alive', 'Date': 'Sat, 09 Aug 2025 12:16:16 GMT', 'Access-Control-Allow-Methods': 'GET, POST, PUT, DELETE, OPTIONS', 'Server': 'Bengine', 'x-mbx-used-weight-1m': '-1', 'x-mbx-order-count-10s': '0', 'x-mbx-order-count-1m': '0', 'x-response-time': '4ms', 'Access-Control-Allow-Origin': '*', 'X-Cache': 'Error from cloudfront', 'Via': '1.1 ffaf8683817f6f5f2b0b01b010ef4b72.cloudfront.net (CloudFront)', 'X-Amz-Cf-Pop': 'BOM78-P8', 'X-Amz-Cf-Id': 'cPIRq5xjQz6iQesPdNlA3gqzoYmkJPhnDzIfT1C8mdoVtGPKGihtUg=='})
2025-08-09 17:47:13,301 - INFO - Binance Futures client created. Testnet=True, Server Time={'serverTime': 1754741833282}
2025-08-09 17:47:13,314 - INFO - Placing LIMIT order: BTCUSDT BUY 0.01 @ 60000
2025-08-09 17:47:13,595 - INFO - Order response: {'orderId': 5558201130, 'symbol': 'BTCUSDT', 'status': 'NEW', 'clientOrderId': 'PdX4UhquEIJTuYfn5uv15T', 'price': '60000.00', 'avgPrice': '0.00', 'origQty': '0.010', 'executedQty': '0.000', 'cumQty': '0.000', 'cumQuote': '0.00000', 'timeInForce': 'GTC', 'type': 'LIMIT', 'reduceOnly': False, 'closePosition': False, 'side': 'BUY', 'positionSide': 'BOTH', 'stopPrice': '0.00', 'workingType': 'CONTRACT_PRICE', 'priceProtect': False, 'origType': 'LIMIT', 'priceMatch': 'NONE', 'selfTradePreventionMode': 'EXPIRE_MAKER', 'goodTillDate': 0, 'updateTime': 1754741833561}
2025-08-09 18:04:35,556 - INFO - Binance Futures client created. Testnet=True, Server Time={'serverTime': 1754742875499}
2025-08-09 18:04:35,556 - INFO - Placing LIMIT order: BTCUSDT BUY 0.01 @ 117100
2025-08-09 18:04:35,760 - INFO - Order response: {'orderId': 5558254753, 'symbol': 'BTCUSDT', 'status': 'NEW', 'clientOrderId': 'gpiuwUM5eKNsuZRLHOXocD', 'price': '117100.00', 'avgPrice': '0.00', 'origQty': '0.010', 'executedQty': '0.000', 'cumQty': '0.000', 'cumQuote': '0.00000', 'timeInForce': 'GTC', 'type': 'LIMIT', 'reduceOnly': False, 'closePosition': False, 'side': 'BUY', 'positionSide': 'BOTH', 'stopPrice': '0.00', 'workingType': 'CONTRACT_PRICE', 'priceProtect': False, 'origType': 'LIMIT', 'priceMatch': 'NONE', 'selfTradePreventionMode': 'EXPIRE_MAKER', 'goodTillDate': 0, 'updateTime': 1754742875716}
2025-08-09 18:11:49,021 - INFO - Binance Futures client created. Testnet=True, Server Time={'serverTime': 1754743308966}
2025-08-09 18:11:49,021 - INFO - Placing LIMIT order: BTCUSDT BUY 0.01 @ 117100
2025-08-09 18:11:49,249 - INFO - Order response: {'orderId': 5558277667, 'symbol': 'BTCUSDT', 'status': 'NEW', 'clientOrderId': '3kX2wftA9ZrFUj7NOwGkEn', 'price': '117100.00', 'avgPrice': '0.00', 'origQty': '0.010', 'executedQty': '0.000', 'cumQty': '0.000', 'cumQuote': '0.00000', 'timeInForce': 'GTC', 'type': 'LIMIT', 'reduceOnly': False, 'closePosition': False, 'side': 'BUY', 'positionSide': 'BOTH', 'stopPrice': '0.00', 'workingType': 'CONTRACT_PRICE', 'priceProtect': False, 'origType': 'LIMIT', 'priceMatch': 'NONE', 'selfTradePreventionMode': 'EXPIRE_MAKER', 'goodTillDate': 0, 'updateTime': 1754743309195}
2025-08-09 18:12:26,715 - INFO - Binance Futures client created. Testnet=True, Server Time={'serverTime': 1754743346662}
2025-08-09 18:12:26,715 - INFO - Placing MARKET order: BTCUSDT SELL 0.01
2025-08-09 18:12:27,005 - INFO - Order response: {'orderId': 5558279856, 'symbol': 'BTCUSDT', 'status': 'NEW', 'clientOrderId': 'muAXqvaLGhcZdkTmz3rpiQ', 'price': '0.00', 'avgPrice': '0.00', 'origQty': '0.010', 'executedQty': '0.000', 'cumQty': '0.000', 'cumQuote': '0.00000', 'timeInForce': 'GTC', 'type': 'MARKET', 'reduceOnly': False, 'closePosition': False, 'side': 'SELL', 'positionSide': 'BOTH', 'stopPrice': '0.00', 'workingType': 'CONTRACT_PRICE', 'priceProtect': False, 'origType': 'MARKET', 'priceMatch': 'NONE', 'selfTradePreventionMode': 'EXPIRE_MAKER', 'goodTillDate': 0, 'updateTime': 1754743346960}
2025-08-09 18:15:32,594 - INFO - Binance Futures client created. Testnet=True, Server Time={'serverTime': 1754743532538}
2025-08-09 18:15:32,594 - INFO - Placing MARKET order: BTCUSDT SELL 0.01
2025-08-09 18:15:33,080 - INFO - Order response: {'orderId': 5558289446, 'symbol': 'BTCUSDT', 'status': 'NEW', 'clientOrderId': 'RsqQPpRYCka0o5ntX1ai3t', 'price': '0.00', 'avgPrice': '0.00', 'origQty': '0.010', 'executedQty': '0.000', 'cumQty': '0.000', 'cumQuote': '0.00000', 'timeInForce': 'GTC', 'type': 'MARKET', 'reduceOnly': False, 'closePosition': False, 'side': 'SELL', 'positionSide': 'BOTH', 'stopPrice': '0.00', 'workingType': 'CONTRACT_PRICE', 'priceProtect': False, 'origType': 'MARKET', 'priceMatch': 'NONE', 'selfTradePreventionMode': 'EXPIRE_MAKER', 'goodTillDate': 0, 'updateTime': 1754743533035}
2025-08-09 18:16:06,655 - INFO - Binance Futures client created. Testnet=True, Server Time={'serverTime': 1754743566577}
2025-08-09 18:16:06,655 - INFO - Placing LIMIT order: BTCUSDT BUY 0.01 @ 117100
2025-08-09 18:16:07,070 - INFO - Order response: {'orderId': 5558292279, 'symbol': 'BTCUSDT', 'status': 'NEW', 'clientOrderId': 'sLeclcTi9WV93uCv0EecQn', 'price': '117100.00', 'avgPrice': '0.00', 'origQty': '0.010', 'executedQty': '0.000', 'cumQty': '0.000', 'cumQuote': '0.00000', 'timeInForce': 'GTC', 'type': 'LIMIT', 'reduceOnly': False, 'closePosition': False, 'side': 'BUY', 'positionSide': 'BOTH', 'stopPrice': '0.00', 'workingType': 'CONTRACT_PRICE', 'priceProtect': False, 'origType': 'LIMIT', 'priceMatch': 'NONE', 'selfTradePreventionMode': 'EXPIRE_MAKER', 'goodTillDate': 0, 'updateTime': 1754743567011}
2025-08-09 18:16:25,134 - INFO - Binance Futures client created. Testnet=True, Server Time={'serverTime': 1754743585089}
2025-08-09 18:16:25,134 - INFO - Placing MARKET order: BTCUSDT SELL 0.01
2025-08-09 18:16:25,682 - INFO - Order response: {'orderId': 5558292580, 'symbol': 'BTCUSDT', 'status': 'NEW', 'clientOrderId': 'pjhTZjbsBPXVvwsg5Kl1YG', 'price': '0.00', 'avgPrice': '0.00', 'origQty': '0.010', 'executedQty': '0.000', 'cumQty': '0.000', 'cumQuote': '0.00000', 'timeInForce': 'GTC', 'type': 'MARKET', 'reduceOnly': False, 'closePosition': False, 'side': 'SELL', 'positionSide': 'BOTH', 'stopPrice': '0.00', 'workingType': 'CONTRACT_PRICE', 'priceProtect': False, 'origType': 'MARKET', 'priceMatch': 'NONE', 'selfTradePreventionMode': 'EXPIRE_MAKER', 'goodTillDate': 0, 'updateTime': 1754743585630}
2025-08-09 18:16:42,566 - INFO - Binance Futures client created. Testnet=True, Server Time={'serverTime': 1754743602502}
2025-08-09 18:16:42,567 - INFO - Placing MARKET order: BTCUSDT BUY 0.01
2025-08-09 18:16:43,128 - INFO - Order response: {'orderId': 5558292789, 'symbol': 'BTCUSDT', 'status': 'NEW', 'clientOrderId': '0DzSHN1A6Ra3gEaXjqkktX', 'price': '0.00', 'avgPrice': '0.00', 'origQty': '0.010', 'executedQty': '0.000', 'cumQty': '0.000', 'cumQuote': '0.00000', 'timeInForce': 'GTC', 'type': 'MARKET', 'reduceOnly': False, 'closePosition': False, 'side': 'BUY', 'positionSide': 'BOTH', 'stopPrice': '0.00', 'workingType': 'CONTRACT_PRICE', 'priceProtect': False, 'origType': 'MARKET', 'priceMatch': 'NONE', 'selfTradePreventionMode': 'EXPIRE_MAKER', 'goodTillDate': 0, 'updateTime': 1754743603051}
2025-08-09 18:19:36,358 - INFO - Binance Futures client created. Testnet=True, Server Time={'serverTime': 1754743776309}
2025-08-09 18:19:36,371 - INFO - Placing MARKET order: BTCUSDT BUY 0.01
2025-08-09 18:19:36,848 - INFO - Order response: {'orderId': 5558301890, 'symbol': 'BTCUSDT', 'status': 'NEW', 'clientOrderId': '4v3iBYAz0UhKbLxDmoEn9s', 'price': '0.00', 'avgPrice': '0.00', 'origQty': '0.010', 'executedQty': '0.000', 'cumQty': '0.000', 'cumQuote': '0.00000', 'timeInForce': 'GTC', 'type': 'MARKET', 'reduceOnly': False, 'closePosition': False, 'side': 'BUY', 'positionSide': 'BOTH', 'stopPrice': '0.00', 'workingType': 'CONTRACT_PRICE', 'priceProtect': False, 'origType': 'MARKET', 'priceMatch': 'NONE', 'selfTradePreventionMode': 'EXPIRE_MAKER', 'goodTillDate': 0, 'updateTime': 1754743776785}
2025-08-09 18:19:52,558 - INFO - Binance Futures client created. Testnet=True, Server Time={'serverTime': 1754743792501}
2025-08-09 18:19:52,558 - INFO - Placing MARKET order: BTCUSDT BUY 0.02
2025-08-09 18:19:52,802 - INFO - Order response: {'orderId': 5558303153, 'symbol': 'BTCUSDT', 'status': 'NEW', 'clientOrderId': 'J9cpibYMWni3TU2euvMC3D', 'price': '0.00', 'avgPrice': '0.00', 'origQty': '0.020', 'executedQty': '0.000', 'cumQty': '0.000', 'cumQuote': '0.00000', 'timeInForce': 'GTC', 'type': 'MARKET', 'reduceOnly': False, 'closePosition': False, 'side': 'BUY', 'positionSide': 'BOTH', 'stopPrice': '0.00', 'workingType': 'CONTRACT_PRICE', 'priceProtect': False, 'origType': 'MARKET', 'priceMatch': 'NONE', 'selfTradePreventionMode': 'EXPIRE_MAKER', 'goodTillDate': 0, 'updateTime': 1754743792730}
2025-08-09 18:20:33,230 - INFO - Binance Futures client created. Testnet=True, Server Time={'serverTime': 1754743833179}
2025-08-09 18:20:33,237 - INFO - Placing LIMIT order: BTCUSDT BUY 0.01 @ 117100
2025-08-09 18:20:33,463 - INFO - Order response: {'orderId': 5558304932, 'symbol': 'BTCUSDT', 'status': 'NEW', 'clientOrderId': 'xa4N9ixkEhoDjdr92iSAC0', 'price': '117100.00', 'avgPrice': '0.00', 'origQty': '0.010', 'executedQty': '0.000', 'cumQty': '0.000', 'cumQuote': '0.00000', 'timeInForce': 'GTC', 'type': 'LIMIT', 'reduceOnly': False, 'closePosition': False, 'side': 'BUY', 'positionSide': 'BOTH', 'stopPrice': '0.00', 'workingType': 'CONTRACT_PRICE', 'priceProtect': False, 'origType': 'LIMIT', 'priceMatch': 'NONE', 'selfTradePreventionMode': 'EXPIRE_MAKER', 'goodTillDate': 0, 'updateTime': 1754743833409}
2025-08-09 18:21:18,360 - INFO - Binance Futures client created. Testnet=True, Server Time={'serverTime': 1754743878311}
2025-08-09 18:21:18,360 - INFO - Placing LIMIT order: BTCUSDT BUY 0.01 @ 1172500
2025-08-09 18:21:18,610 - ERROR - API error placing limit order: (400, -4002, 'Price greater than max price.', {'Content-Type': 'application/json', 'Content-Length': '52', 'Connection': 'keep-alive', 'Date': 'Sat, 09 Aug 2025 12:51:18 GMT', 'Access-Control-Allow-Methods': 'GET, POST, PUT, DELETE, OPTIONS', 'Server': 'Bengine', 'x-mbx-used-weight-1m': '-1', 'x-mbx-order-count-10s': '0', 'x-mbx-order-count-1m': '0', 'x-response-time': '0ms', 'Access-Control-Allow-Origin': '*', 'X-Cache': 'Error from cloudfront', 'Via': '1.1 f0f8e23c6013e314a14b46155fbdf3c8.cloudfront.net (CloudFront)', 'X-Amz-Cf-Pop': 'BOM78-P8', 'X-Amz-Cf-Id': 'ZSZ8v4qCIHEA5HNwiqIOwqxw_7XKs9PTcHT-FaVaTkAzPhiSauLBIg=='})
2025-08-09 18:22:23,213 - INFO - Binance Futures client created. Testnet=True, Server Time={'serverTime': 1754743943160}
2025-08-09 18:22:23,213 - INFO - Placing LIMIT order: BTCUSDT BUY 0.01 @ 116500
2025-08-09 18:22:23,453 - INFO - Order response: {'orderId': 5558311124, 'symbol': 'BTCUSDT', 'status': 'NEW', 'clientOrderId': 'wjOCTfawwTEMoQ6LJKA1EI', 'price': '116500.00', 'avgPrice': '0.00', 'origQty': '0.010', 'executedQty': '0.000', 'cumQty': '0.000', 'cumQuote': '0.00000', 'timeInForce': 'GTC', 'type': 'LIMIT', 'reduceOnly': False, 'closePosition': False, 'side': 'BUY', 'positionSide': 'BOTH', 'stopPrice': '0.00', 'workingType': 'CONTRACT_PRICE', 'priceProtect': False, 'origType': 'LIMIT', 'priceMatch': 'NONE', 'selfTradePreventionMode': 'EXPIRE_MAKER', 'goodTillDate': 0, 'updateTime': 1754743943391}
2025-08-09 18:22:48,511 - INFO - Binance Futures client created. Testnet=True, Server Time={'serverTime': 1754743968449}
2025-08-09 18:22:48,511 - INFO - Placing LIMIT order: BTCUSDT SELL 0.01 @ 116500
2025-08-09 18:22:48,980 - INFO - Order response: {'orderId': 5558311771, 'symbol': 'BTCUSDT', 'status': 'NEW', 'clientOrderId': 'p01ps8oPK4C2bidrsSGsQp', 'price': '116500.00', 'avgPrice': '0.00', 'origQty': '0.010', 'executedQty': '0.000', 'cumQty': '0.000', 'cumQuote': '0.00000', 'timeInForce': 'GTC', 'type': 'LIMIT', 'reduceOnly': False, 'closePosition': False, 'side': 'SELL', 'positionSide': 'BOTH', 'stopPrice': '0.00', 'workingType': 'CONTRACT_PRICE', 'priceProtect': False, 'origType': 'LIMIT', 'priceMatch': 'NONE', 'selfTradePreventionMode': 'EXPIRE_MAKER', 'goodTillDate': 0, 'updateTime': 1754743968917}
2025-08-09 18:23:02,253 - INFO - Binance Futures client created. Testnet=True, Server Time={'serverTime': 1754743982185}
2025-08-09 18:23:02,254 - INFO - Placing LIMIT order: BTCUSDT SELL 0.01 @ 117500
2025-08-09 18:23:02,723 - INFO - Order response: {'orderId': 5558314090, 'symbol': 'BTCUSDT', 'status': 'NEW', 'clientOrderId': 'jn0s8UKyexOuyUoYV8WNJp', 'price': '117500.00', 'avgPrice': '0.00', 'origQty': '0.010', 'executedQty': '0.000', 'cumQty': '0.000', 'cumQuote': '0.00000', 'timeInForce': 'GTC', 'type': 'LIMIT', 'reduceOnly': False, 'closePosition': False, 'side': 'SELL', 'positionSide': 'BOTH', 'stopPrice': '0.00', 'workingType': 'CONTRACT_PRICE', 'priceProtect': False, 'origType': 'LIMIT', 'priceMatch': 'NONE', 'selfTradePreventionMode': 'EXPIRE_MAKER', 'goodTillDate': 0, 'updateTime': 1754743982672}
2025-08-09 18:23:47,138 - INFO - Binance Futures client created. Testnet=True, Server Time={'serverTime': 1754744027068}
2025-08-09 18:23:47,139 - INFO - Placing MARKET order: BTCUSDT SELL 0.02
2025-08-09 18:23:47,339 - INFO - Order response: {'orderId': 5558314897, 'symbol': 'BTCUSDT', 'status': 'NEW', 'clientOrderId': 'cpJQ2EuMGcOxW8ekzOgHV4', 'price': '0.00', 'avgPrice': '0.00', 'origQty': '0.020', 'executedQty': '0.000', 'cumQty': '0.000', 'cumQuote': '0.00000', 'timeInForce': 'GTC', 'type': 'MARKET', 'reduceOnly': False, 'closePosition': False, 'side': 'SELL', 'positionSide': 'BOTH', 'stopPrice': '0.00', 'workingType': 'CONTRACT_PRICE', 'priceProtect': False, 'origType': 'MARKET', 'priceMatch': 'NONE', 'selfTradePreventionMode': 'EXPIRE_MAKER', 'goodTillDate': 0, 'updateTime': 1754744027275}
2025-08-10 00:04:28,624 - INFO - Binance Futures client created. Testnet=True, Server Time={'serverTime': 1754764468206}
2025-08-10 00:04:28,624 - INFO - Placing MARKET order: BTCUSDT BUY 0.02
2025-08-10 00:04:29,162 - INFO - Order response: {'orderId': 5559451092, 'symbol': 'BTCUSDT', 'status': 'NEW', 'clientOrderId': 'TugwMN0QPClmmEipDTxfdX', 'price': '0.00', 'avgPrice': '0.00', 'origQty': '0.020', 'executedQty': '0.000', 'cumQty': '0.000', 'cumQuote': '0.00000', 'timeInForce': 'GTC', 'type': 'MARKET', 'reduceOnly': False, 'closePosition': False, 'side': 'BUY', 'positionSide': 'BOTH', 'stopPrice': '0.00', 'workingType': 'CONTRACT_PRICE', 'priceProtect': False, 'origType': 'MARKET', 'priceMatch': 'NONE', 'selfTradePreventionMode': 'EXPIRE_MAKER', 'goodTillDate': 0, 'updateTime': 1754764468699}
2025-08-10 00:11:53,287 - INFO - Binance Futures client created. Testnet=True, Server Time={'serverTime': 1754764912874}
2025-08-10 00:11:53,288 - INFO - Placing MARKET order: BTCUSDT SELL 0.01
2025-08-10 00:11:53,823 - INFO - Order response: {'orderId': 5559475334, 'symbol': 'BTCUSDT', 'status': 'NEW', 'clientOrderId': '5lrE6NoFu9NYYZjUgGGObD', 'price': '0.00', 'avgPrice': '0.00', 'origQty': '0.010', 'executedQty': '0.000', 'cumQty': '0.000', 'cumQuote': '0.00000', 'timeInForce': 'GTC', 'type': 'MARKET', 'reduceOnly': False, 'closePosition': False, 'side': 'SELL', 'positionSide': 'BOTH', 'stopPrice': '0.00', 'workingType': 'CONTRACT_PRICE', 'priceProtect': False, 'origType': 'MARKET', 'priceMatch': 'NONE', 'selfTradePreventionMode': 'EXPIRE_MAKER', 'goodTillDate': 0, 'updateTime': 1754764913373}
2025-08-10 00:34:26,999 - INFO - Binance Futures client created. Testnet=True, Server Time={'serverTime': 1754766266537}
2025-08-10 00:34:27,000 - INFO - Placing LIMIT order: BTCUSDT SELL 0.01 @ 115000
2025-08-10 00:34:27,494 - INFO - Order response: {'orderId': 5559554809, 'symbol': 'BTCUSDT', 'status': 'NEW', 'clientOrderId': 'BUoJF8sdyaO8gADhbCSUbv', 'price': '115000.00', 'avgPrice': '0.00', 'origQty': '0.010', 'executedQty': '0.000', 'cumQty': '0.000', 'cumQuote': '0.00000', 'timeInForce': 'GTC', 'type': 'LIMIT', 'reduceOnly': False, 'closePosition': False, 'side': 'SELL', 'positionSide': 'BOTH', 'stopPrice': '0.00', 'workingType': 'CONTRACT_PRICE', 'priceProtect': False, 'origType': 'LIMIT', 'priceMatch': 'NONE', 'selfTradePreventionMode': 'EXPIRE_MAKER', 'goodTillDate': 0, 'updateTime': 1754766267018}
2025-08-10 01:15:35,060 - INFO - Binance Futures client created. Testnet=True, Server Time={'serverTime': 1754768734592}
2025-08-10 01:15:35,080 - INFO - Placing MARKET order: BTCUSDT SELL 0.01
2025-08-10 01:15:35,311 - INFO - Order response: {'orderId': 5559687643, 'symbol': 'BTCUSDT', 'status': 'NEW', 'clientOrderId': '595FA8tad0NF6bEpvTl33n', 'price': '0.00', 'avgPrice': '0.00', 'origQty': '0.010', 'executedQty': '0.000', 'cumQty': '0.000', 'cumQuote': '0.00000', 'timeInForce': 'GTC', 'type': 'MARKET', 'reduceOnly': False, 'closePosition': False, 'side': 'SELL', 'positionSide': 'BOTH', 'stopPrice': '0.00', 'workingType': 'CONTRACT_PRICE', 'priceProtect': False, 'origType': 'MARKET', 'priceMatch': 'NONE', 'selfTradePreventionMode': 'EXPIRE_MAKER', 'goodTillDate': 0, 'updateTime': 1754768734827}
